#
# There is insufficient memory for the Java Runtime Environment to continue.
# Native memory allocation (malloc) failed to allocate 1048576 bytes for AllocateHeap
# Possible reasons:
#   The system is out of physical RAM or swap space
#   In 32 bit mode, the process size limit was hit
# Possible solutions:
#   Reduce memory load on the system
#   Increase physical memory or swap space
#   Check if swap backing store is full
#   Use 64 bit Java on a 64 bit OS
#   Decrease Java heap size (-Xmx/-Xms)
#   Decrease number of Java threads
#   Decrease Java thread stack sizes (-Xss)
#   Set larger code cache with -XX:ReservedCodeCacheSize=
# This output file may be truncated or incomplete.
#
#  Out of Memory Error (memory/allocation.inline.hpp:61), pid=5280, tid=0x0000000000000bcc
#
# JRE version:  (8.0_131-b11) (build )
# Java VM: Java HotSpot(TM) 64-Bit Server VM (25.131-b11 mixed mode windows-amd64 compressed oops)
# Failed to write core dump. Minidumps are not enabled by default on client versions of Windows
#

---------------  T H R E A D  ---------------

Current thread (0x0000000002fc0800):  JavaThread "Unknown thread" [_thread_in_vm, id=3020, stack(0x0000000002ec0000,0x0000000002fc0000)]

Stack: [0x0000000002ec0000,0x0000000002fc0000]
[error occurred during error reporting (printing stack bounds), id 0xc0000005]

Native frames: (J=compiled Java code, j=interpreted, Vv=VM code, C=native code)


---------------  P R O C E S S  ---------------

Java Threads: ( => current thread )

Other Threads:

=>0x0000000002fc0800 (exited) JavaThread "Unknown thread" [_thread_in_vm, id=3020, stack(0x0000000002ec0000,0x0000000002fc0000)]

VM state:not at safepoint (normal execution)

VM Mutex/Monitor currently owned by a thread: None

Heap:
 PSYoungGen      total 38400K, used 665K [0x00000000d5800000, 0x00000000d8280000, 0x0000000100000000)
  eden space 33280K, 2% used [0x00000000d5800000,0x00000000d58a6670,0x00000000d7880000)
  from space 5120K, 0% used [0x00000000d7d80000,0x00000000d7d80000,0x00000000d8280000)
  to   space 5120K, 0% used [0x00000000d7880000,0x00000000d7880000,0x00000000d7d80000)
 ParOldGen       total 87552K, used 0K [0x0000000080800000, 0x0000000085d80000, 0x00000000d5800000)
  object space 87552K, 0% used [0x0000000080800000,0x0000000080800000,0x0000000085d80000)
 Metaspace       used 770K, capacity 4480K, committed 4480K, reserved 1056768K
  class space    used 75K, capacity 384K, committed 384K, reserved 1048576K

Card table byte_map: [0x0000000012480000,0x0000000012880000] byte_map_base: 0x000000001207c000

Marking Bits: (ParMarkBitMap*) 0x00000000653ac720
 Begin Bits: [0x0000000012f30000, 0x0000000014f10000)
 End Bits:   [0x0000000014f10000, 0x0000000016ef0000)

Polling page: 0x0000000002dd0000

CodeCache: size=245760Kb used=328Kb max_used=328Kb free=245431Kb
 bounds [0x00000000030c0000, 0x0000000003330000, 0x00000000120c0000]
 total_blobs=58 nmethods=0 adapters=38
 compilation: enabled

Compilation events (0 events):
No events

GC Heap History (0 events):
No events

Deoptimization events (0 events):
No events

Internal exceptions (0 events):
No events

Events (10 events):
Event: 0.016 loading class java/lang/Short
Event: 0.016 loading class java/lang/Short done
Event: 0.016 loading class java/lang/Integer
Event: 0.016 loading class java/lang/Integer done
Event: 0.016 loading class java/lang/Long
Event: 0.017 loading class java/lang/Long done
Event: 0.017 loading class java/lang/NullPointerException
Event: 0.017 loading class java/lang/NullPointerException done
Event: 0.017 loading class java/lang/ArithmeticException
Event: 0.017 loading class java/lang/ArithmeticException done


Dynamic libraries:
0x00007ff7465c0000 - 0x00007ff7465f7000 	D:\install\java\jdk1.8.0_131\bin\javaw.exe
0x00007ff97f7c0000 - 0x00007ff97f99b000 	C:\windows\SYSTEM32\ntdll.dll
0x00007ff97cd20000 - 0x00007ff97cdce000 	C:\windows\System32\KERNEL32.DLL
0x00007ff97c6c0000 - 0x00007ff97c909000 	C:\windows\System32\KERNELBASE.dll
0x00007ff97cdd0000 - 0x00007ff97ce71000 	C:\windows\System32\ADVAPI32.dll
0x00007ff97ef10000 - 0x00007ff97efad000 	C:\windows\System32\msvcrt.dll
0x00007ff97d3a0000 - 0x00007ff97d3f9000 	C:\windows\System32\sechost.dll
0x00007ff97f350000 - 0x00007ff97f475000 	C:\windows\System32\RPCRT4.dll
0x00007ff97ec50000 - 0x00007ff97ed9a000 	C:\windows\System32\USER32.dll
0x00007ff97c3e0000 - 0x00007ff97c3fe000 	C:\windows\System32\win32u.dll
0x00007ff97d370000 - 0x00007ff97d397000 	C:\windows\System32\GDI32.dll
0x00007ff97cae0000 - 0x00007ff97cc68000 	C:\windows\System32\gdi32full.dll
0x00007ff97c460000 - 0x00007ff97c4fa000 	C:\windows\System32\msvcp_win.dll
0x00007ff97c550000 - 0x00007ff97c646000 	C:\windows\System32\ucrtbase.dll
0x00007ff96df70000 - 0x00007ff96e1d7000 	C:\windows\WinSxS\amd64_microsoft.windows.common-controls_6595b64144ccf1df_6.0.15063.0_none_108e4f62dfe5d999\COMCTL32.dll
0x00007ff97efb0000 - 0x00007ff97f2a9000 	C:\windows\System32\combase.dll
0x00007ff97c650000 - 0x00007ff97c6ba000 	C:\windows\System32\bcryptPrimitives.dll
0x00007ff97d5a0000 - 0x00007ff97d5cd000 	C:\windows\System32\IMM32.DLL
0x0000000065430000 - 0x0000000065502000 	D:\install\java\jdk1.8.0_131\jre\bin\msvcr100.dll
0x0000000064b90000 - 0x000000006542c000 	D:\install\java\jdk1.8.0_131\jre\bin\server\jvm.dll
0x00007ff97f6f0000 - 0x00007ff97f6f8000 	C:\windows\System32\PSAPI.DLL
0x00007ff97a170000 - 0x00007ff97a193000 	C:\windows\SYSTEM32\WINMM.dll
0x00007ff974cb0000 - 0x00007ff974cba000 	C:\windows\SYSTEM32\VERSION.dll
0x00007ff96e2d0000 - 0x00007ff96e2d9000 	C:\windows\SYSTEM32\WSOCK32.dll
0x00007ff97d740000 - 0x00007ff97d7ac000 	C:\windows\System32\WS2_32.dll
0x00007ff97a000000 - 0x00007ff97a02b000 	C:\windows\SYSTEM32\WINMMBASE.dll
0x00007ff97c500000 - 0x00007ff97c549000 	C:\windows\System32\cfgmgr32.dll
0x0000000064b80000 - 0x0000000064b8f000 	D:\install\java\jdk1.8.0_131\jre\bin\verify.dll
0x0000000064b50000 - 0x0000000064b79000 	D:\install\java\jdk1.8.0_131\jre\bin\java.dll
0x0000000064b30000 - 0x0000000064b46000 	D:\install\java\jdk1.8.0_131\jre\bin\zip.dll

VM Arguments:
jvm_args: -Dfile.encoding=UTF-8 
java_command: com.yubo.security.SecurityTest
java_class_path (initial): D:\install\workspace\work-test\bin;D:\install\workspace\work-test\lib\FaceppSDK.jar;D:\install\workspace\work-test\lib\commons-beanutils-1.9.1.jar;D:\install\workspace\work-test\lib\commons-logging-1.2.jar;D:\install\workspace\work-test\lib\commons-collections-3.2.1.jar;D:\install\workspace\work-test\lib\commons-codec-1.10.jar
Launcher Type: SUN_STANDARD

Environment Variables:
JAVA_HOME=D:\install\java\jdk1.8.0_131
CLASSPATH=D:\install\java\jdk1.8.0_131\lib\dt.jar;D:\install\java\jdk1.8.0_131\lib\tools.jar;
PATH=D:/install/java/jre1.8.0_131/bin/server;D:/install/java/jre1.8.0_131/bin;D:/install/java/jre1.8.0_131/lib/amd64;C:\ProgramData\Oracle\Java\javapath;C:\windows\system32;C:\windows;C:\windows\System32\Wbem;C:\windows\System32\WindowsPowerShell\v1.0\;D:\install\java\jdk1.8.0_131\bin;C:\Program Files (x86)\MySQL\MySQL Fabric 1.5.3 & MySQL Utilities 1.5.3 1.5\;C:\Program Files (x86)\MySQL\MySQL Fabric 1.5.3 & MySQL Utilities 1.5.3 1.5\Doctrine extensions for PHP\;D:\install\SVN\TortoiseSVN\bin;C:\Users\Administrator\AppData\Local\Microsoft\WindowsApps;;D:\install\eclipse;
USERNAME=Administrator
OS=Windows_NT
PROCESSOR_IDENTIFIER=Intel64 Family 6 Model 158 Stepping 9, GenuineIntel



---------------  S Y S T E M  ---------------

OS: Windows 10.0 , 64 bit Build 15063 (10.0.15063.296)

CPU:total 4 (initial active 4) (4 cores per cpu, 1 threads per core) family 6 model 158 stepping 9, cmov, cx8, fxsr, mmx, sse, sse2, sse3, ssse3, sse4.1, sse4.2, popcnt, avx, avx2, aes, clmul, erms, rtm, 3dnowpref, lzcnt, tsc, tscinvbit, bmi1, bmi2, adx

Memory: 4k page, physical 8352956k(2781488k free), swap 10450108k(5152k free)

vm_info: Java HotSpot(TM) 64-Bit Server VM (25.131-b11) for windows-amd64 JRE (1.8.0_131-b11), built on Mar 15 2017 01:23:53 by "java_re" with MS VC++ 10.0 (VS2010)

time: Tue Oct 17 16:28:32 2017
elapsed time: 0 seconds (0d 0h 0m 0s)

